<?xml version="1.0" encoding="UTF-8"?>
<!-- Generated by org.testng.reporters.JUnitReportReporter -->
<testsuite hostname="IN-PG02A6JN" failures="0" tests="5" name="Selenium.RestAssuredAPITesting.APITesting" time="16.274" errors="0" timestamp="2023-05-25T13:08:13 IST" skipped="0">
  <testcase classname="Selenium.RestAssuredAPITesting.APITesting" name="postMethod" time="0.762"/>
  <system-out/>
  <testcase classname="Selenium.RestAssuredAPITesting.APITesting" name="getMethod" time="0.887"/>
  <system-out/>
  <testcase classname="Selenium.RestAssuredAPITesting.APITesting" name="patchMethod" time="1.175"/>
  <system-out/>
  <testcase classname="Selenium.RestAssuredAPITesting.APITesting" name="putMethod" time="0.635"/>
  <system-out/>
  <testcase classname="Selenium.RestAssuredAPITesting.APITesting" name="deleteMethod" time="12.815"/>
  <system-out/>
</testsuite> <!-- Selenium.RestAssuredAPITesting.APITesting -->
