<?xml version="1.0" encoding="UTF-8"?>
<!-- Generated by org.testng.reporters.JUnitReportReporter -->
<testsuite hostname="IN-JDGZ9K3" failures="0" tests="1" name="Selenium.RestAssuredAPITesting.Authorization" time="1.783" errors="0" timestamp="2023-04-28T13:31:44 IST" skipped="0">
  <testcase classname="Selenium.RestAssuredAPITesting.Authorization" name="Get" time="1.783"/>
  <system-out/>
</testsuite> <!-- Selenium.RestAssuredAPITesting.Authorization -->
